2022-07-19 11:15:01,088 - __main__ - INFO - Token value: Token not available!
2022-07-19 11:15:01,760 - __main__ - INFO - Weather in Berlin: 30.32
2022-07-19 10:09:58,525 - __main__ - INFO - Token value: 1234
2022-07-19 10:09:58,949 - __main__ - INFO - Weather in Berlin: 32.56
2022-07-19 12:17:50,405 - __main__ - INFO - Token value: 1234
2022-07-19 12:17:50,875 - __main__ - INFO - Weather in Berlin: 33.66
2022-07-19 14:09:00,868 - __main__ - INFO - Token value: 1234
2022-07-19 14:09:01,435 - __main__ - INFO - Weather in Berlin: 34.86
2022-07-19 16:12:16,906 - __main__ - INFO - Token value: 1234
2022-07-19 16:12:17,306 - __main__ - INFO - Weather in Berlin: 34.28
2022-07-19 18:10:53,682 - __main__ - INFO - Token value: 1234
2022-07-19 18:10:53,844 - __main__ - INFO - Weather in Berlin: 31.9
2022-07-19 20:09:35,027 - __main__ - INFO - Token value: 1234
2022-07-19 20:09:35,139 - __main__ - INFO - Weather in Berlin: 27.52
2022-07-19 22:09:04,334 - __main__ - INFO - Token value: 1234
2022-07-19 22:09:04,912 - __main__ - INFO - Weather in Berlin: 25.4
2022-07-20 00:46:12,649 - __main__ - INFO - Token value: 1234
2022-07-20 00:46:13,296 - __main__ - INFO - Weather in Berlin: 24.18
2022-07-20 03:36:18,748 - __main__ - INFO - Token value: 1234
2022-07-20 03:36:18,916 - __main__ - INFO - Weather in Berlin: 22.12
2022-07-20 04:30:43,477 - __main__ - INFO - Token value: 1234
2022-07-20 04:30:43,776 - __main__ - INFO - Weather in Berlin: 21.64
2022-07-20 06:11:40,340 - __main__ - INFO - Token value: 1234
2022-07-20 06:11:41,194 - __main__ - INFO - Weather in Berlin: 24.95
2022-07-20 08:12:25,109 - __main__ - INFO - Token value: 1234
2022-07-20 08:12:25,397 - __main__ - INFO - Weather in Berlin: 30.85
2022-07-20 10:09:27,874 - __main__ - INFO - Token value: 1234
2022-07-20 10:09:28,041 - __main__ - INFO - Weather in Berlin: 35.42
2022-07-20 12:16:14,801 - __main__ - INFO - Token value: 1234
2022-07-20 12:16:15,447 - __main__ - INFO - Weather in Berlin: 36.64
2022-07-20 14:10:42,143 - __main__ - INFO - Token value: 1234
2022-07-20 14:10:42,285 - __main__ - INFO - Weather in Berlin: 37.34
2022-07-20 16:11:32,101 - __main__ - INFO - Token value: 1234
2022-07-20 16:11:32,270 - __main__ - INFO - Weather in Berlin: 36.32
2022-07-20 18:11:08,871 - __main__ - INFO - Token value: 1234
2022-07-20 18:11:09,450 - __main__ - INFO - Weather in Berlin: 35.75
2022-07-20 20:10:07,208 - __main__ - INFO - Token value: 1234
2022-07-20 20:10:07,807 - __main__ - INFO - Weather in Berlin: 29.16
2022-07-20 22:08:32,880 - __main__ - INFO - Token value: 1234
2022-07-20 22:08:33,309 - __main__ - INFO - Weather in Berlin: 27.72
2022-07-21 00:51:04,670 - __main__ - INFO - Token value: 1234
2022-07-21 00:51:04,945 - __main__ - INFO - Weather in Berlin: 25.62
2022-07-21 03:32:21,183 - __main__ - INFO - Token value: 1234
2022-07-21 03:32:21,622 - __main__ - INFO - Weather in Berlin: 24.17
2022-07-21 04:33:49,059 - __main__ - INFO - Token value: 1234
2022-07-21 04:33:49,712 - __main__ - INFO - Weather in Berlin: 23.8
2022-07-21 06:11:40,676 - __main__ - INFO - Token value: 1234
2022-07-21 06:11:41,078 - __main__ - INFO - Weather in Berlin: 24.1
2022-07-21 08:11:51,774 - __main__ - INFO - Token value: 1234
2022-07-21 08:11:51,925 - __main__ - INFO - Weather in Berlin: 26.61
2022-07-21 10:10:48,231 - __main__ - INFO - Token value: 1234
2022-07-21 10:10:48,658 - __main__ - INFO - Weather in Berlin: 29.39
2022-07-21 12:16:51,452 - __main__ - INFO - Token value: 1234
2022-07-21 12:16:52,210 - __main__ - INFO - Weather in Berlin: 29.02
2022-07-21 14:10:13,059 - __main__ - INFO - Token value: 1234
2022-07-21 14:10:13,760 - __main__ - INFO - Weather in Berlin: 24.62
2022-07-21 16:11:48,481 - __main__ - INFO - Token value: 1234
2022-07-21 16:11:49,254 - __main__ - INFO - Weather in Berlin: 24.51
2022-07-21 18:11:19,590 - __main__ - INFO - Token value: 1234
2022-07-21 18:11:19,965 - __main__ - INFO - Weather in Berlin: 25.79
2022-07-21 20:10:30,244 - __main__ - INFO - Token value: 1234
2022-07-21 20:10:30,328 - __main__ - INFO - Weather in Berlin: 22.77
2022-07-25 00:44:39,700 - __main__ - INFO - Token value: 1234
2022-07-25 00:44:40,082 - __main__ - INFO - Weather in Berlin: 19.9
2022-08-01 00:54:12,206 - __main__ - INFO - Token value: 1234
2022-08-01 00:54:12,694 - __main__ - INFO - Weather in Berlin: 20.23
2022-08-08 00:40:42,506 - __main__ - INFO - Token value: 1234
2022-08-08 00:40:42,610 - __main__ - INFO - Weather in Berlin: 16.92
2022-08-15 00:44:48,218 - __main__ - INFO - Token value: 1234
2022-08-15 00:44:48,828 - __main__ - INFO - Weather in Berlin: 22.05
2022-08-22 00:46:22,483 - __main__ - INFO - Token value: 1234
2022-08-22 00:46:22,604 - __main__ - INFO - Weather in Berlin: 16.54
2022-08-29 00:51:03,885 - __main__ - INFO - Token value: 1234
2022-08-29 00:51:04,463 - __main__ - INFO - Weather in Berlin: 13.61
2022-09-05 00:54:44,539 - __main__ - INFO - Token value: 1234
2022-09-05 00:54:45,065 - __main__ - INFO - Weather in Berlin: 15.8
2022-09-12 00:48:56,255 - __main__ - INFO - Token value: 1234
2022-09-12 00:48:56,362 - __main__ - INFO - Weather in Berlin: 12.68
2022-09-19 00:51:28,986 - __main__ - INFO - Token value: 1234
2022-09-19 00:51:29,073 - __main__ - INFO - Weather in Berlin: 8.79
2022-09-26 00:54:36,285 - __main__ - INFO - Token value: 1234
2022-09-26 00:54:36,670 - __main__ - INFO - Weather in Berlin: 11.75
2022-10-03 00:53:53,511 - __main__ - INFO - Token value: 1234
2022-10-03 00:53:54,115 - __main__ - INFO - Weather in Berlin: 11.07
2022-10-10 00:59:22,592 - __main__ - INFO - Token value: 1234
2022-10-10 00:59:22,684 - __main__ - INFO - Weather in Berlin: 7.73
2022-10-17 01:03:34,041 - __main__ - INFO - Token value: 1234
2022-10-17 01:03:34,808 - __main__ - INFO - Weather in Berlin: 13.02
2022-10-24 01:05:23,964 - __main__ - INFO - Token value: 1234
2022-10-24 01:05:24,197 - __main__ - INFO - Weather in Berlin: 13.27
2022-10-31 00:56:50,347 - __main__ - INFO - Token value: 1234
2022-10-31 00:56:50,781 - __main__ - INFO - Weather in Berlin: 13.45
2022-11-07 00:46:30,914 - __main__ - INFO - Token value: 1234
2022-11-07 00:46:31,482 - __main__ - INFO - Weather in Berlin: 6.9
2022-11-14 00:42:53,014 - __main__ - INFO - Token value: 1234
2022-11-14 00:42:53,136 - __main__ - INFO - Weather in Berlin: 6.58
2022-11-21 00:44:54,383 - __main__ - INFO - Token value: 1234
2022-11-21 00:44:54,891 - __main__ - INFO - Weather in Berlin: -1.89
2022-11-28 00:38:10,868 - __main__ - INFO - Token value: 1234
2022-11-28 00:38:10,962 - __main__ - INFO - Weather in Berlin: 4.03
2022-12-05 00:37:36,747 - __main__ - INFO - Token value: 1234
2022-12-05 00:37:37,346 - __main__ - INFO - Weather in Berlin: 2.48
2022-12-12 00:40:48,194 - __main__ - INFO - Token value: 1234
2022-12-12 00:40:48,347 - __main__ - INFO - Weather in Berlin: -1.51
2022-12-19 00:34:22,668 - __main__ - INFO - Token value: 1234
2022-12-19 00:34:23,349 - __main__ - INFO - Weather in Berlin: -4.73
2022-12-19 02:22:26,456 - __main__ - INFO - Token value: 
2022-12-19 02:22:26,592 - __main__ - INFO - Weather in Berlin: -4.3
2022-12-19 02:46:53,549 - __main__ - INFO - Token value: 
2022-12-19 02:46:54,428 - __main__ - INFO - Weather in Berlin: -4.01
2022-12-19 03:16:24,961 - __main__ - INFO - Token value: 
2022-12-19 03:16:25,151 - __main__ - INFO - Weather in Berlin: -4.04
2022-12-19 03:36:32,411 - __main__ - INFO - Token value: 
2022-12-19 03:36:32,646 - __main__ - INFO - Weather in Berlin: -4.04
2022-12-19 03:51:03,564 - __main__ - INFO - Token value: 
2022-12-19 03:51:04,250 - __main__ - INFO - Weather in Berlin: -3.97
2022-12-19 04:18:28,794 - __main__ - INFO - Token value: 
2022-12-19 04:18:28,942 - __main__ - INFO - Weather in Berlin: -3.96
2022-12-19 04:39:20,242 - __main__ - INFO - Token value: 
2022-12-19 04:39:20,824 - __main__ - INFO - Weather in Berlin: -3.96
2022-12-19 04:50:58,794 - __main__ - INFO - Token value: 
2022-12-19 04:50:59,281 - __main__ - INFO - Weather in Berlin: -3.97
2022-12-19 05:13:59,955 - __main__ - INFO - Token value: 
2022-12-19 05:14:00,615 - __main__ - INFO - Weather in Berlin: -3.87
2022-12-19 05:27:13,362 - __main__ - INFO - Token value: 
2022-12-19 05:27:13,560 - __main__ - INFO - Weather in Berlin: -3.87
2022-12-19 05:38:10,420 - __main__ - INFO - Token value: 
2022-12-19 05:38:10,838 - __main__ - INFO - Weather in Berlin: -3.87
2022-12-19 05:51:04,732 - __main__ - INFO - Token value: 
2022-12-19 05:51:05,019 - __main__ - INFO - Weather in Berlin: -3.87
2022-12-19 06:19:36,380 - __main__ - INFO - Token value: 
2022-12-19 06:19:36,936 - __main__ - INFO - Weather in Berlin: -3.56
2022-12-19 06:39:58,754 - __main__ - INFO - Token value: 
2022-12-19 06:39:59,161 - __main__ - INFO - Weather in Berlin: -3.56
2022-12-19 06:51:02,660 - __main__ - INFO - Token value: 
2022-12-19 06:51:03,266 - __main__ - INFO - Weather in Berlin: -3.56
2022-12-19 07:13:53,019 - __main__ - INFO - Token value: 
2022-12-19 07:13:53,169 - __main__ - INFO - Weather in Berlin: -3.18
2022-12-19 07:25:18,755 - __main__ - INFO - Token value: 
2022-12-19 07:25:19,285 - __main__ - INFO - Weather in Berlin: -3.25
2022-12-19 07:36:01,810 - __main__ - INFO - Token value: 
2022-12-19 07:36:02,606 - __main__ - INFO - Weather in Berlin: -3.25
2022-12-19 07:51:10,400 - __main__ - INFO - Token value: 
2022-12-19 07:51:11,112 - __main__ - INFO - Weather in Berlin: -3.18
2022-12-19 08:20:22,650 - __main__ - INFO - Token value: 
2022-12-19 08:20:22,831 - __main__ - INFO - Weather in Berlin: -2.53
2022-12-19 08:39:04,323 - __main__ - INFO - Token value: 
2022-12-19 08:39:05,004 - __main__ - INFO - Weather in Berlin: -2.8
2022-12-19 08:51:14,558 - __main__ - INFO - Token value: 
2022-12-19 08:51:14,834 - __main__ - INFO - Weather in Berlin: -2.8
2022-12-19 09:15:18,096 - __main__ - INFO - Token value: 
2022-12-19 09:15:18,683 - __main__ - INFO - Weather in Berlin: -1.89
2022-12-19 09:36:34,911 - __main__ - INFO - Token value: 
2022-12-19 09:36:35,393 - __main__ - INFO - Weather in Berlin: -1.89
2022-12-19 09:51:00,963 - __main__ - INFO - Token value: 
2022-12-19 09:51:01,539 - __main__ - INFO - Weather in Berlin: -1.46
2022-12-19 10:18:10,840 - __main__ - INFO - Token value: 
2022-12-19 10:18:11,356 - __main__ - INFO - Weather in Berlin: -0.52
2022-12-19 10:39:08,988 - __main__ - INFO - Token value: 
2022-12-19 10:39:09,149 - __main__ - INFO - Weather in Berlin: -0.27
2022-12-19 10:51:00,192 - __main__ - INFO - Token value: 
2022-12-19 10:51:00,791 - __main__ - INFO - Weather in Berlin: -0.52
2022-12-19 11:12:29,674 - __main__ - INFO - Token value: 
2022-12-19 11:12:29,822 - __main__ - INFO - Weather in Berlin: -0.27
2022-12-19 11:24:09,258 - __main__ - INFO - Token value: 
2022-12-19 11:24:09,401 - __main__ - INFO - Weather in Berlin: -0.27
2022-12-19 11:36:13,299 - __main__ - INFO - Token value: 
2022-12-19 11:36:13,988 - __main__ - INFO - Weather in Berlin: 0.68
2022-12-19 11:51:03,198 - __main__ - INFO - Token value: 
2022-12-19 11:51:03,812 - __main__ - INFO - Weather in Berlin: 0.68
2022-12-19 12:29:25,315 - __main__ - INFO - Token value: 
2022-12-19 12:29:25,898 - __main__ - INFO - Weather in Berlin: 0.86
2022-12-19 12:58:08,810 - __main__ - INFO - Token value: 
2022-12-19 12:58:09,200 - __main__ - INFO - Weather in Berlin: 0.85
2022-12-19 13:25:15,875 - __main__ - INFO - Token value: 
2022-12-19 13:25:16,466 - __main__ - INFO - Weather in Berlin: 0.85
2022-12-19 13:37:39,601 - __main__ - INFO - Token value: 
2022-12-19 13:37:39,735 - __main__ - INFO - Weather in Berlin: 1.13
2022-12-19 13:51:05,697 - __main__ - INFO - Token value: 
2022-12-19 13:51:05,889 - __main__ - INFO - Weather in Berlin: 1.13
2022-12-19 14:14:24,066 - __main__ - INFO - Token value: 
2022-12-19 14:14:24,549 - __main__ - INFO - Weather in Berlin: 1.13
2022-12-19 14:29:20,048 - __main__ - INFO - Token value: 
2022-12-19 14:29:20,239 - __main__ - INFO - Weather in Berlin: 1.13
2022-12-19 14:40:00,131 - __main__ - INFO - Token value: 
2022-12-19 14:40:00,915 - __main__ - INFO - Weather in Berlin: 1.36
2022-12-19 14:51:03,197 - __main__ - INFO - Token value: 
2022-12-19 14:51:03,580 - __main__ - INFO - Weather in Berlin: 1.36
2022-12-19 15:18:10,631 - __main__ - INFO - Token value: 
2022-12-19 15:18:10,773 - __main__ - INFO - Weather in Berlin: 1.36
2022-12-19 15:38:28,623 - __main__ - INFO - Token value: 
2022-12-19 15:38:28,779 - __main__ - INFO - Weather in Berlin: 1.36
2022-12-19 15:51:14,129 - __main__ - INFO - Token value: 
2022-12-19 15:51:15,080 - __main__ - INFO - Weather in Berlin: 1.88
2022-12-19 16:23:22,839 - __main__ - INFO - Token value: 
2022-12-19 16:23:22,981 - __main__ - INFO - Weather in Berlin: 1.88
2022-12-19 16:47:48,194 - __main__ - INFO - Token value: 
2022-12-19 16:47:48,379 - __main__ - INFO - Weather in Berlin: 2.63
2022-12-19 17:12:45,861 - __main__ - INFO - Token value: 
2022-12-19 17:12:46,579 - __main__ - INFO - Weather in Berlin: 2.63
2022-12-19 17:26:45,104 - __main__ - INFO - Token value: 
2022-12-19 17:26:45,779 - __main__ - INFO - Weather in Berlin: 2.63
2022-12-19 17:37:25,520 - __main__ - INFO - Token value: 
2022-12-19 17:37:26,288 - __main__ - INFO - Weather in Berlin: 2.63
2022-12-19 17:51:07,491 - __main__ - INFO - Token value: 
2022-12-19 17:51:07,651 - __main__ - INFO - Weather in Berlin: 3.05
2022-12-19 18:19:19,672 - __main__ - INFO - Token value: 
2022-12-19 18:19:25,336 - __main__ - INFO - Weather in Berlin: 3.1
2022-12-19 18:39:23,805 - __main__ - INFO - Token value: 
2022-12-19 18:39:24,409 - __main__ - INFO - Weather in Berlin: 3.1
2022-12-19 18:50:59,384 - __main__ - INFO - Token value: 
2022-12-19 18:50:59,871 - __main__ - INFO - Weather in Berlin: 3.05
2022-12-19 19:12:11,475 - __main__ - INFO - Token value: 
2022-12-19 19:12:11,620 - __main__ - INFO - Weather in Berlin: 3.47
2022-12-19 19:22:47,924 - __main__ - INFO - Token value: 
2022-12-19 19:22:48,385 - __main__ - INFO - Weather in Berlin: 3.47
2022-12-19 19:36:11,329 - __main__ - INFO - Token value: 
2022-12-19 19:36:11,780 - __main__ - INFO - Weather in Berlin: 3.59
2022-12-19 19:51:07,643 - __main__ - INFO - Token value: 
2022-12-19 19:51:08,323 - __main__ - INFO - Weather in Berlin: 3.59
2022-12-19 20:17:25,724 - __main__ - INFO - Token value: 
2022-12-19 20:17:25,958 - __main__ - INFO - Weather in Berlin: 3.75
2022-12-19 20:36:21,957 - __main__ - INFO - Token value: 
2022-12-19 20:36:22,540 - __main__ - INFO - Weather in Berlin: 3.75
2022-12-19 20:51:14,951 - __main__ - INFO - Token value: 
2022-12-19 20:51:15,431 - __main__ - INFO - Weather in Berlin: 3.75
2022-12-19 21:13:50,981 - __main__ - INFO - Token value: 
2022-12-19 21:13:51,171 - __main__ - INFO - Weather in Berlin: 3.73
2022-12-19 21:25:46,349 - __main__ - INFO - Token value: 
2022-12-19 21:25:46,507 - __main__ - INFO - Weather in Berlin: 3.73
2022-12-19 21:36:47,284 - __main__ - INFO - Token value: 
2022-12-19 21:36:47,743 - __main__ - INFO - Weather in Berlin: 3.73
2022-12-19 21:51:09,590 - __main__ - INFO - Token value: 
2022-12-19 21:51:09,745 - __main__ - INFO - Weather in Berlin: 3.73
2022-12-19 22:14:25,535 - __main__ - INFO - Token value: 
2022-12-19 22:14:25,987 - __main__ - INFO - Weather in Berlin: 3.49
2022-12-19 22:28:52,764 - __main__ - INFO - Token value: 
2022-12-19 22:28:53,254 - __main__ - INFO - Weather in Berlin: 3.47
2022-12-19 22:39:37,167 - __main__ - INFO - Token value: 
2022-12-19 22:39:37,666 - __main__ - INFO - Weather in Berlin: 3.49
2022-12-19 22:51:05,527 - __main__ - INFO - Token value: 
2022-12-19 22:51:05,865 - __main__ - INFO - Weather in Berlin: 3.49
2022-12-19 23:15:21,711 - __main__ - INFO - Token value: 
2022-12-19 23:15:22,304 - __main__ - INFO - Weather in Berlin: 3.69
2022-12-19 23:28:18,025 - __main__ - INFO - Token value: 
2022-12-19 23:28:18,624 - __main__ - INFO - Weather in Berlin: 3.69
2022-12-19 23:39:17,741 - __main__ - INFO - Token value: 
2022-12-19 23:39:17,936 - __main__ - INFO - Weather in Berlin: 3.69
2022-12-19 23:51:02,574 - __main__ - INFO - Token value: 
2022-12-19 23:51:02,948 - __main__ - INFO - Weather in Berlin: 3.69
2022-12-20 01:15:43,942 - __main__ - INFO - Token value: 
2022-12-20 01:15:44,613 - __main__ - INFO - Weather in Berlin: 3.7
2022-12-20 02:27:56,240 - __main__ - INFO - Token value: 
2022-12-20 02:27:56,433 - __main__ - INFO - Weather in Berlin: 4.07
2022-12-20 02:51:17,163 - __main__ - INFO - Token value: 
2022-12-20 02:51:17,352 - __main__ - INFO - Weather in Berlin: 4.04
2022-12-20 03:16:41,233 - __main__ - INFO - Token value: 
2022-12-20 03:16:41,623 - __main__ - INFO - Weather in Berlin: 4.04
2022-12-20 03:36:22,161 - __main__ - INFO - Token value: 
2022-12-20 03:36:22,348 - __main__ - INFO - Weather in Berlin: 4.14
2022-12-20 03:51:04,251 - __main__ - INFO - Token value: 
2022-12-20 03:51:04,705 - __main__ - INFO - Weather in Berlin: 4.4
2022-12-20 04:18:27,243 - __main__ - INFO - Token value: 
2022-12-20 04:18:27,851 - __main__ - INFO - Weather in Berlin: 4.57
2022-12-20 04:39:40,043 - __main__ - INFO - Token value: 
2022-12-20 04:39:40,638 - __main__ - INFO - Weather in Berlin: 4.44
2022-12-20 04:51:17,302 - __main__ - INFO - Token value: 
2022-12-20 04:51:17,891 - __main__ - INFO - Weather in Berlin: 4.57
2022-12-20 05:14:04,182 - __main__ - INFO - Token value: 
2022-12-20 05:14:04,743 - __main__ - INFO - Weather in Berlin: 4.44
2022-12-20 05:27:11,420 - __main__ - INFO - Token value: 
2022-12-20 05:27:11,602 - __main__ - INFO - Weather in Berlin: 4.56
2022-12-20 05:38:05,322 - __main__ - INFO - Token value: 
2022-12-20 05:38:05,983 - __main__ - INFO - Weather in Berlin: 4.45
2022-12-20 05:51:07,897 - __main__ - INFO - Token value: 
2022-12-20 05:51:08,448 - __main__ - INFO - Weather in Berlin: 4.45
2022-12-20 06:20:31,591 - __main__ - INFO - Token value: 
2022-12-20 06:20:32,012 - __main__ - INFO - Weather in Berlin: 4.67
2022-12-20 06:41:22,294 - __main__ - INFO - Token value: 
2022-12-20 06:41:22,827 - __main__ - INFO - Weather in Berlin: 4.67
2022-12-20 06:52:52,387 - __main__ - INFO - Token value: 
2022-12-20 06:52:52,817 - __main__ - INFO - Weather in Berlin: 4.67
2022-12-20 07:13:52,414 - __main__ - INFO - Token value: 
2022-12-20 07:13:52,807 - __main__ - INFO - Weather in Berlin: 5.01
